0 verbose cli C:\nvm4w\nodejs\node.exe C:\Users\This PC\AppData\Roaming\npm\node_modules\npm\bin\npm-cli.js
1 info using npm@11.15.0
2 info using node@v22.22.2
3 silly config load:file:C:\Users\This PC\AppData\Roaming\npm\node_modules\npm\npmrc
4 info config found workspace root at D:\shop\psusccshop
5 silly config load:file:D:\shop\psusccshop\.npmrc
6 silly config load:file:C:\Users\This PC\.npmrc
7 silly config load:file:C:\Users\This PC\AppData\Roaming\npm\etc\npmrc
8 verbose title npm exec wrangler deploy
9 verbose argv "exec" "--" "wrangler" "deploy"
10 verbose logfile logs-max:10 dir:D:\shop\psusccshop\server\npm-cache\_logs\2026-06-13T20_49_11_671Z-
11 verbose logfile D:\shop\psusccshop\server\npm-cache\_logs\2026-06-13T20_49_11_671Z-debug-0.log
12 silly logfile done cleaning log files
13 http fetch GET 200 https://registry.npmjs.org/npm 312ms
14 verbose cwd D:\shop\psusccshop\server
15 verbose os Windows_NT 10.0.26300
16 verbose node v22.22.2
17 verbose npm  v11.15.0
18 notice
18 notice New minor version of npm available! 11.15.0 -> 11.17.0
18 notice Changelog: https://github.com/npm/cli/releases/tag/v11.17.0
18 notice To update run: npm install -g npm@11.17.0
18 notice  { force: true, [Symbol(proc-log.meta)]: true }
19 verbose exit 1
20 verbose code 1
